2014-12-19 00:03:03 [ pool-1-thread-1 ] 连接失败!
  2014-12-19 00:03:20 [ pool-1-thread-1 ] 连接失败!
  2014-12-19 00:03:25 [ pool-1-thread-1 ] 连接失败!
  2014-12-19 00:03:27 [ pool-1-thread-1 ] 连接失败!
  2014-12-19 00:03:29 [ pool-1-thread-1 ] 连接失败!
  2014-12-19 00:04:38 [ main ] 地址已在使用
  java.net.BindException: 地址已在使用
	at java.net.PlainSocketImpl.socketBind(Native Method)
	at java.net.AbstractPlainSocketImpl.bind(AbstractPlainSocketImpl.java:376)
	at java.net.ServerSocket.bind(ServerSocket.java:376)
	at java.net.ServerSocket.<init>(ServerSocket.java:237)
	at java.net.ServerSocket.<init>(ServerSocket.java:128)
	at cn.bankdev.SocketServer.<init>(SocketServer.java:38)
	at cn.bankdev.SocketServer.main(SocketServer.java:31)
2014-12-19 00:10:24 [ main ] 地址已在使用
  java.net.BindException: 地址已在使用
	at java.net.PlainSocketImpl.socketBind(Native Method)
	at java.net.AbstractPlainSocketImpl.bind(AbstractPlainSocketImpl.java:376)
	at java.net.ServerSocket.bind(ServerSocket.java:376)
	at java.net.ServerSocket.<init>(ServerSocket.java:237)
	at java.net.ServerSocket.<init>(ServerSocket.java:128)
	at cn.bankdev.SocketServer.<init>(SocketServer.java:38)
	at cn.bankdev.SocketServer.main(SocketServer.java:31)
2014-12-19 00:11:06 [ pool-1-thread-1 ] 连接失败!
  2014-12-19 00:12:28 [ main ] 地址已在使用
  java.net.BindException: 地址已在使用
	at java.net.PlainSocketImpl.socketBind(Native Method)
	at java.net.AbstractPlainSocketImpl.bind(AbstractPlainSocketImpl.java:376)
	at java.net.ServerSocket.bind(ServerSocket.java:376)
	at java.net.ServerSocket.<init>(ServerSocket.java:237)
	at java.net.ServerSocket.<init>(ServerSocket.java:128)
	at cn.bankdev.SocketServer.<init>(SocketServer.java:38)
	at cn.bankdev.SocketServer.main(SocketServer.java:31)
2014-12-19 00:13:35 [ main ] 地址已在使用
  java.net.BindException: 地址已在使用
	at java.net.PlainSocketImpl.socketBind(Native Method)
	at java.net.AbstractPlainSocketImpl.bind(AbstractPlainSocketImpl.java:376)
	at java.net.ServerSocket.bind(ServerSocket.java:376)
	at java.net.ServerSocket.<init>(ServerSocket.java:237)
	at java.net.ServerSocket.<init>(ServerSocket.java:128)
	at cn.bankdev.SocketServer.<init>(SocketServer.java:38)
	at cn.bankdev.SocketServer.main(SocketServer.java:31)
2014-12-19 00:13:51 [ pool-1-thread-1 ] 连接失败!
  2014-12-19 00:13:57 [ pool-1-thread-1 ] 连接失败!
  